Starting Dynare (version 6.3).
Calling Dynare with arguments: none
Starting preprocessing of the model file ...
Found 6 equation(s).
Evaluating expressions...
Computing static model derivatives (order 1).
Normalizing the static model...
Finding the optimal block decomposition of the static model...
5 block(s) found:
  4 recursive block(s) and 1 simultaneous block(s).
  the largest simultaneous block has 2 equation(s)
                                 and 2 feedback variable(s).
Computing dynamic model derivatives (order 1).
Normalizing the dynamic model...
Finding the optimal block decomposition of the dynamic model...
4 block(s) found:
  3 recursive block(s) and 1 simultaneous block(s).
  the largest simultaneous block has 2 equation(s)
                                 and 2 feedback variable(s).
Preprocessing completed.
Preprocessing time: 0h00m00s.

STEADY-STATE RESULTS:

y_T 		 0
c_T 		 -0.170241
d   		 4.07
tby 		 0.156538
cay 		 0
p_N 		 -4.49937

EIGENVALUES:
         Modulus             Real        Imaginary
          0.2731           0.2731                0
          0.9937           0.9937                0
            1.05             1.05                0

There are 1 eigenvalue(s) larger than 1 in modulus for 1 forward-looking variable(s)
The rank condition is verified.


MODEL SUMMARY

  Number of variables:         6
  Number of stochastic shocks: 1
  Number of state variables:   2
  Number of jumpers:           1
  Number of static variables:  3


MATRIX OF COVARIANCE OF EXOGENOUS SHOCKS
Variables       u_y_T
u_y_T        1.000000

POLICY AND TRANSITION FUNCTIONS
                                 y_T             c_T               d             tby             cay             p_N
Constant                           0       -0.170241        4.070000        0.156538               0       -4.499365
y_T(-1)                     0.273100        0.020706       -0.266635        0.255635        0.266635        0.041413
d(-1)                              0       -0.056093        0.993681        0.047312        0.006319       -0.112186
u_y_T                       0.065600        0.004974       -0.064047        0.061405        0.064047        0.009948


THEORETICAL MOMENTS
VARIABLE         MEAN  STD. DEV.   VARIANCE
y_T            0.0000     0.0682     0.0047
c_T           -0.1702     0.0444     0.0020
d              4.0700     0.7835     0.6139
tby            0.1565     0.0728     0.0053
cay            0.0000     0.0666     0.0044
p_N           -4.4994     0.0888     0.0079



MATRIX OF CORRELATIONS
Variables        y_T      c_T        d      tby      cay      p_N
y_T           1.0000   0.1479  -0.1166   0.8607   0.9972   0.1479
c_T           0.1479   1.0000  -0.9995  -0.3761   0.0740   1.0000
d            -0.1166  -0.9995   1.0000   0.4052  -0.0425  -0.9995
tby           0.8607  -0.3761   0.4052   1.0000   0.8962  -0.3761
cay           0.9972   0.0740  -0.0425   0.8962   1.0000   0.0740
p_N           0.1479   1.0000  -0.9995  -0.3761   0.0740   1.0000



COEFFICIENTS OF AUTOCORRELATION
Order           1        2        3        4        5
y_T        0.2731   0.0746   0.0204   0.0056   0.0015
c_T        0.9937   0.9874   0.9812   0.9750   0.9688
d          0.9964   0.9908   0.9848   0.9786   0.9724
tby        0.4125   0.2512   0.2062   0.1931   0.1887
cay        0.2691   0.0695   0.0150   0.0002  -0.0039
p_N        0.9937   0.9874   0.9812   0.9750   0.9688
Total computing time : 0h00m00s
Note: warning(s) encountered in MATLAB/Octave code
